;;; 
Export: Release 12.1.0.2.0 - Production on Sun Dec 27 17:18:01 2020

Copyright (c) 1982, 2014, Oracle and/or its affiliates.  All rights reserved.
;;; 
Connected to: Oracle Database 12c Enterprise Edition Release 12.1.0.2.0 - 64bit Production
With the Partitioning, OLAP, Advanced Analytics and Real Application Testing options
Starting "SHIVANI"."SYS_EXPORT_FULL_01":  shivani/******** directory=DUMPDIR dumpfile=ShoesProjectDB.dmp full=y logfile=ShoesDB.log 
Estimate in progress using BLOCKS method...
Processing object type DATABASE_EXPORT/EARLY_OPTIONS/VIEWS_AS_TABLES/TABLE_DATA
Processing object type DATABASE_EXPORT/NORMAL_OPTIONS/TABLE_DATA
Processing object type DATABASE_EXPORT/NORMAL_OPTIONS/VIEWS_AS_TABLES/TABLE_DATA
Processing object type DATABASE_EXPORT/SCHEMA/TABLE/TABLE_DATA
Total estimation using BLOCKS method: 6.390 MB
Processing object type DATABASE_EXPORT/PRE_SYSTEM_IMPCALLOUT/MARKER
Processing object type DATABASE_EXPORT/PRE_INSTANCE_IMPCALLOUT/MARKER
Processing object type DATABASE_EXPORT/TABLESPACE
Processing object type DATABASE_EXPORT/PROFILE
Processing object type DATABASE_EXPORT/SYS_USER/USER
Processing object type DATABASE_EXPORT/SCHEMA/USER
Processing object type DATABASE_EXPORT/RADM_FPTM
Processing object type DATABASE_EXPORT/GRANT/SYSTEM_GRANT/PROC_SYSTEM_GRANT
Processing object type DATABASE_EXPORT/SCHEMA/GRANT/SYSTEM_GRANT
Processing object type DATABASE_EXPORT/SCHEMA/ROLE_GRANT
Processing object type DATABASE_EXPORT/SCHEMA/DEFAULT_ROLE
Processing object type DATABASE_EXPORT/SCHEMA/ON_USER_GRANT
Processing object type DATABASE_EXPORT/SCHEMA/TABLESPACE_QUOTA
Processing object type DATABASE_EXPORT/RESOURCE_COST
Processing object type DATABASE_EXPORT/SCHEMA/DB_LINK
Processing object type DATABASE_EXPORT/TRUSTED_DB_LINK
Processing object type DATABASE_EXPORT/SCHEMA/SEQUENCE/SEQUENCE
Processing object type DATABASE_EXPORT/DIRECTORY/DIRECTORY
Processing object type DATABASE_EXPORT/DIRECTORY/GRANT/OWNER_GRANT/OBJECT_GRANT
Processing object type DATABASE_EXPORT/DIRECTORY/GRANT/CROSS_SCHEMA/OBJECT_GRANT
Processing object type DATABASE_EXPORT/SYSTEM_PROCOBJACT/PRE_SYSTEM_ACTIONS/PROCACT_SYSTEM
Processing object type DATABASE_EXPORT/SYSTEM_PROCOBJACT/PROCOBJ
Processing object type DATABASE_EXPORT/SYSTEM_PROCOBJACT/POST_SYSTEM_ACTIONS/PROCACT_SYSTEM
Processing object type DATABASE_EXPORT/SCHEMA/PROCACT_SCHEMA
Processing object type DATABASE_EXPORT/EARLY_OPTIONS/VIEWS_AS_TABLES/TABLE
Processing object type DATABASE_EXPORT/EARLY_POST_INSTANCE_IMPCALLOUT/MARKER
Processing object type DATABASE_EXPORT/NORMAL_OPTIONS/TABLE
Processing object type DATABASE_EXPORT/NORMAL_OPTIONS/VIEWS_AS_TABLES/TABLE
Processing object type DATABASE_EXPORT/NORMAL_POST_INSTANCE_IMPCALLOU/MARKER
Processing object type DATABASE_EXPORT/SCHEMA/TABLE/TABLE
Processing object type DATABASE_EXPORT/SCHEMA/TABLE/COMMENT
Processing object type DATABASE_EXPORT/SCHEMA/TABLE/IDENTITY_COLUMN
Processing object type DATABASE_EXPORT/SCHEMA/TABLE/INDEX/INDEX
Processing object type DATABASE_EXPORT/SCHEMA/TABLE/CONSTRAINT/CONSTRAINT
Processing object type DATABASE_EXPORT/SCHEMA/TABLE/INDEX/STATISTICS/INDEX_STATISTICS
Processing object type DATABASE_EXPORT/SCHEMA/TABLE/CONSTRAINT/REF_CONSTRAINT
Processing object type DATABASE_EXPORT/SCHEMA/TABLE/STATISTICS/TABLE_STATISTICS
Processing object type DATABASE_EXPORT/STATISTICS/MARKER
Processing object type DATABASE_EXPORT/FINAL_POST_INSTANCE_IMPCALLOUT/MARKER
Processing object type DATABASE_EXPORT/SCHEMA/POST_SCHEMA/PROCOBJ
Processing object type DATABASE_EXPORT/SCHEMA/POST_SCHEMA/PROCACT_SCHEMA
Processing object type DATABASE_EXPORT/AUDIT_UNIFIED/AUDIT_POLICY_ENABLE
Processing object type DATABASE_EXPORT/POST_SYSTEM_IMPCALLOUT/MARKER
. . exported "SYS"."KU$_USER_MAPPING_VIEW"               6.109 KB      38 rows
. . exported "ORDDATA"."ORDDCM_DOCS"                     252.9 KB       9 rows
. . exported "WMSYS"."WM$CONSTRAINTS_TABLE$"                 0 KB       0 rows
. . exported "SYS"."AUD$"                                    0 KB       0 rows
. . exported "WMSYS"."WM$LOCKROWS_INFO$"                     0 KB       0 rows
. . exported "WMSYS"."WM$UDTRIG_INFO$"                       0 KB       0 rows
. . exported "LBACSYS"."OLS$AUDIT_ACTIONS"               5.757 KB       8 rows
. . exported "LBACSYS"."OLS$DIP_EVENTS"                  5.546 KB       2 rows
. . exported "LBACSYS"."OLS$INSTALLATIONS"               6.960 KB       2 rows
. . exported "LBACSYS"."OLS$PROPS"                       6.242 KB       5 rows
. . exported "SYS"."DAM_CLEANUP_EVENTS$"                     0 KB       0 rows
. . exported "SYS"."DAM_CLEANUP_JOBS$"                       0 KB       0 rows
. . exported "SYS"."DAM_CONFIG_PARAM$"                   6.531 KB      14 rows
. . exported "SYS"."TSDP_ASSOCIATION$"                       0 KB       0 rows
. . exported "SYS"."TSDP_CONDITION$"                         0 KB       0 rows
. . exported "SYS"."TSDP_FEATURE_POLICY$"                    0 KB       0 rows
. . exported "SYS"."TSDP_PARAMETER$"                     5.953 KB       1 rows
. . exported "SYS"."TSDP_POLICY$"                        5.921 KB       1 rows
. . exported "SYS"."TSDP_PROTECTION$"                        0 KB       0 rows
. . exported "SYS"."TSDP_SENSITIVE_DATA$"                    0 KB       0 rows
. . exported "SYS"."TSDP_SENSITIVE_TYPE$"                    0 KB       0 rows
. . exported "SYS"."TSDP_SOURCE$"                            0 KB       0 rows
. . exported "SYS"."TSDP_SUBPOL$"                        6.328 KB       1 rows
. . exported "SYSTEM"."REDO_DB"                          25.59 KB       1 rows
. . exported "SYSTEM"."REDO_LOG"                             0 KB       0 rows
. . exported "WMSYS"."WM$BATCH_COMPRESSIBLE_TABLES$"         0 KB       0 rows
. . exported "WMSYS"."WM$CONS_COLUMNS$"                      0 KB       0 rows
. . exported "WMSYS"."WM$ENV_VARS$"                      6.023 KB       3 rows
. . exported "WMSYS"."WM$EVENTS_INFO$"                   5.820 KB      12 rows
. . exported "WMSYS"."WM$HINT_TABLE$"                    9.460 KB      75 rows
. . exported "WMSYS"."WM$MODIFIED_TABLES$"                   0 KB       0 rows
. . exported "WMSYS"."WM$MP_GRAPH_WORKSPACES_TABLE$"         0 KB       0 rows
. . exported "WMSYS"."WM$MP_PARENT_WORKSPACES_TABLE$"        0 KB       0 rows
. . exported "WMSYS"."WM$NESTED_COLUMNS_TABLE$"              0 KB       0 rows
. . exported "WMSYS"."WM$NEXTVER_TABLE$"                 6.375 KB       1 rows
. . exported "WMSYS"."WM$REMOVED_WORKSPACES_TABLE$"          0 KB       0 rows
. . exported "WMSYS"."WM$RESOLVE_WORKSPACES_TABLE$"          0 KB       0 rows
. . exported "WMSYS"."WM$RIC_LOCKING_TABLE$"                 0 KB       0 rows
. . exported "WMSYS"."WM$RIC_TABLE$"                         0 KB       0 rows
. . exported "WMSYS"."WM$RIC_TRIGGERS_TABLE$"                0 KB       0 rows
. . exported "WMSYS"."WM$UDTRIG_DISPATCH_PROCS$"             0 KB       0 rows
. . exported "WMSYS"."WM$VERSION_HIERARCHY_TABLE$"       5.984 KB       1 rows
. . exported "WMSYS"."WM$VERSION_TABLE$"                     0 KB       0 rows
. . exported "WMSYS"."WM$VT_ERRORS_TABLE$"                   0 KB       0 rows
. . exported "WMSYS"."WM$WORKSPACES_TABLE$"              12.10 KB       1 rows
. . exported "WMSYS"."WM$WORKSPACE_PRIV_TABLE$"          7.062 KB      10 rows
. . exported "WMSYS"."WM$WORKSPACE_SAVEPOINTS_TABLE$"        0 KB       0 rows
. . exported "LBACSYS"."OLS$AUDIT"                           0 KB       0 rows
. . exported "LBACSYS"."OLS$COMPARTMENTS"                    0 KB       0 rows
. . exported "LBACSYS"."OLS$DIP_DEBUG"                       0 KB       0 rows
. . exported "LBACSYS"."OLS$GROUPS"                          0 KB       0 rows
. . exported "LBACSYS"."OLS$LAB"                             0 KB       0 rows
. . exported "LBACSYS"."OLS$LEVELS"                          0 KB       0 rows
. . exported "LBACSYS"."OLS$POL"                             0 KB       0 rows
. . exported "LBACSYS"."OLS$POLICY_ADMIN"                    0 KB       0 rows
. . exported "LBACSYS"."OLS$POLS"                            0 KB       0 rows
. . exported "LBACSYS"."OLS$POLT"                            0 KB       0 rows
. . exported "LBACSYS"."OLS$PROFILE"                         0 KB       0 rows
. . exported "LBACSYS"."OLS$PROFILES"                        0 KB       0 rows
. . exported "LBACSYS"."OLS$PROG"                            0 KB       0 rows
. . exported "LBACSYS"."OLS$SESSINFO"                        0 KB       0 rows
. . exported "LBACSYS"."OLS$USER"                            0 KB       0 rows
. . exported "LBACSYS"."OLS$USER_COMPARTMENTS"               0 KB       0 rows
. . exported "LBACSYS"."OLS$USER_GROUPS"                     0 KB       0 rows
. . exported "LBACSYS"."OLS$USER_LEVELS"                     0 KB       0 rows
. . exported "SYS"."FGA_LOG$FOR_EXPORT"                      0 KB       0 rows
. . exported "SYSTEM"."SCHEDULER_JOB_ARGS"                   0 KB       0 rows
. . exported "SYSTEM"."SCHEDULER_PROGRAM_ARGS"           9.515 KB      12 rows
. . exported "SYS"."AUDTAB$TBS$FOR_EXPORT"               5.960 KB       2 rows
. . exported "SYS"."DBA_SENSITIVE_DATA"                      0 KB       0 rows
. . exported "SYS"."DBA_TSDP_POLICY_PROTECTION"              0 KB       0 rows
. . exported "SYS"."NACL$_ACE_EXP"                       9.929 KB       1 rows
. . exported "SYS"."NACL$_HOST_EXP"                      6.921 KB       1 rows
. . exported "SYS"."NACL$_WALLET_EXP"                        0 KB       0 rows
. . exported "WMSYS"."WM$EXP_MAP"                        7.718 KB       3 rows
. . exported "INFODBA"."PERSONS"                         6.007 KB       5 rows
. . exported "SCOTT"."DEPT"                              6.031 KB       4 rows
. . exported "SCOTT"."EMP"                               8.781 KB      14 rows
. . exported "SCOTT"."SALGRADE"                          5.960 KB       5 rows
. . exported "SHIVANI"."ADMIN"                           5.968 KB       1 rows
. . exported "SHIVANI"."ADMINDETAILS"                    6.101 KB       6 rows
. . exported "SHIVANI"."EPRODUCT"                        6.953 KB       3 rows
. . exported "SHIVANI"."FLIGHTMASTERDATA"                8.046 KB       6 rows
. . exported "SHIVANI"."PURCHASES"                       6.429 KB       5 rows
. . exported "SHIVANI"."PURCHASE_ITEMS"                  7.703 KB       5 rows
. . exported "SHIVANI"."USERREGISTRATIONINFO"            6.859 KB      12 rows
. . exported "SHIVANI"."USERS"                           8.148 KB       3 rows
. . exported "SYSTEM"."BUS_DETAIL"                       6.343 KB       1 rows
. . exported "SCOTT"."BONUS"                                 0 KB       0 rows
. . exported "SHIVANI"."CATEGORY"                            0 KB       0 rows
Master table "SHIVANI"."SYS_EXPORT_FULL_01" successfully loaded/unloaded
******************************************************************************
Dump file set for SHIVANI.SYS_EXPORT_FULL_01 is:
  D:\TEMP\SHOESPROJECTDB.DMP
Job "SHIVANI"."SYS_EXPORT_FULL_01" successfully completed at Sun Dec 27 17:19:25 2020 elapsed 0 00:01:21
